<?xml version="1.0" encoding="UTF-8"?>
<!-- Generated by org.testng.reporters.JUnitReportReporter -->
<testsuite hostname="CPDK034" failures="0" tests="1" name="TestNGLearning.ParameterTask" time="1.671" errors="0" timestamp="2025-08-21T15:25:09 IST" skipped="0">
  <testcase classname="TestNGLearning.ParameterTask" name="f" time="1.671"/>
</testsuite> <!-- TestNGLearning.ParameterTask -->
