<?xml version="1.0" encoding="UTF-8"?>
<!-- Generated by org.testng.reporters.JUnitReportReporter -->
<testsuite hostname="CPDK034" failures="0" tests="1" name="TestNGLearning.NewTest" time="0.018" errors="0" timestamp="2025-08-21T12:43:03 IST" skipped="0">
  <testcase classname="TestNGLearning.NewTest" name="f" time="0.018"/>
</testsuite> <!-- TestNGLearning.NewTest -->
