<?xml version="1.0" encoding="UTF-8"?>
<!-- Generated by org.testng.reporters.JUnitReportReporter -->
<testsuite hostname="CPDK034" failures="0" tests="1" name="TestNGLearning.ReadDataFromPropertyFile" time="51.383" errors="0" timestamp="2025-08-22T14:45:36 IST" skipped="0">
  <testcase classname="TestNGLearning.ReadDataFromPropertyFile" name="f" time="51.383"/>
</testsuite> <!-- TestNGLearning.ReadDataFromPropertyFile -->
