<?xml version="1.0" encoding="UTF-8"?>
<!-- Generated by org.testng.reporters.JUnitReportReporter -->
<testsuite hostname="CPDK034" failures="0" tests="2" name="TestNGLearning.DataProviderLearning" time="50.115" errors="0" timestamp="2025-08-22T10:25:48 IST" skipped="0">
  <testcase classname="TestNGLearning.DataProviderLearning" name="Login" time="28.032"/>
  <testcase classname="TestNGLearning.DataProviderLearning" name="Login" time="22.083"/>
</testsuite> <!-- TestNGLearning.DataProviderLearning -->
