<?xml version="1.0" encoding="UTF-8"?>
<!-- Generated by org.testng.reporters.JUnitReportReporter -->
<testsuite hostname="CPDK034" failures="0" tests="1" name="TestNGLearning.TestNG1" time="27.309" errors="0" timestamp="2025-08-21T11:08:32 IST" skipped="0">
  <testcase classname="TestNGLearning.TestNG1" name="login" time="27.309"/>
</testsuite> <!-- TestNGLearning.TestNG1 -->
