<?xml version="1.0" encoding="UTF-8"?>
<!-- Generated by org.testng.reporters.JUnitReportReporter -->
<testsuite hostname="CPDK034" failures="0" tests="2" name="TestNGLearning.GroupDemo" time="0.021" errors="0" timestamp="2025-08-22T12:48:31 IST" skipped="0">
  <testcase classname="TestNGLearning.GroupDemo" name="e5" time="0.002"/>
  <testcase classname="TestNGLearning.GroupDemo" name="d4" time="0.019"/>
</testsuite> <!-- TestNGLearning.GroupDemo -->
