<?xml version="1.0" encoding="UTF-8"?>
<!-- Generated by org.testng.reporters.JUnitReportReporter -->
<testsuite hostname="CPDK034" failures="0" tests="1" name="TestNGLearning.AssertionDemo" time="9.247" errors="0" timestamp="2025-08-22T13:15:25 IST" skipped="0">
  <testcase classname="TestNGLearning.AssertionDemo" name="f" time="9.247"/>
</testsuite> <!-- TestNGLearning.AssertionDemo -->
