<?xml version="1.0" encoding="UTF-8"?>
<!-- Generated by org.testng.reporters.JUnitReportReporter -->
<testsuite hostname="CPDK034" failures="0" tests="1" name="TestNGLearning.StucturedCodeForWebPage" time="11.201" errors="0" timestamp="2025-08-21T12:43:03 IST" skipped="0">
  <testcase classname="TestNGLearning.StucturedCodeForWebPage" name="login" time="11.201"/>
</testsuite> <!-- TestNGLearning.StucturedCodeForWebPage -->
