<?xml version="1.0" encoding="UTF-8"?>
<!-- Generated by org.testng.reporters.JUnitReportReporter -->
<testsuite hostname="CPDK034" failures="0" tests="1" name="TestNGLearning.ParallelExecution" time="11.818" errors="0" timestamp="2025-08-22T12:34:09 IST" skipped="0">
  <testcase classname="TestNGLearning.ParallelExecution" name="LoginChrome" time="11.818"/>
</testsuite> <!-- TestNGLearning.ParallelExecution -->
