<?xml version="1.0" encoding="UTF-8"?>
<!-- Generated by org.testng.reporters.JUnitReportReporter -->
<testsuite hostname="CPDK034" failures="0" tests="7" name="TestNGLearning.PriorityIninTestNG" time="0.050" errors="0" timestamp="2025-08-21T12:43:03 IST" skipped="1">
  <testcase classname="TestNGLearning.PriorityIninTestNG" name="z" time="0.009"/>
  <testcase classname="TestNGLearning.PriorityIninTestNG" name="b" time="0.004"/>
  <testcase classname="TestNGLearning.PriorityIninTestNG" name="a" time="0.007"/>
  <testcase classname="TestNGLearning.PriorityIninTestNG" name="e" time="0.003"/>
  <testcase classname="TestNGLearning.PriorityIninTestNG" name="c" time="0.012"/>
  <testcase classname="TestNGLearning.PriorityIninTestNG" name="d" time="0.009"/>
  <testcase classname="TestNGLearning.PriorityIninTestNG" name="A" time="0.006">
    <skipped/>
  </testcase> <!-- A -->
</testsuite> <!-- TestNGLearning.PriorityIninTestNG -->
