<?xml version="1.0" encoding="UTF-8"?>
<!-- Generated by org.testng.reporters.JUnitReportReporter -->
<testsuite hostname="CPDK034" failures="0" tests="1" name="TestNGLearning.Parameterization" time="1.862" errors="0" timestamp="2025-08-21T13:38:56 IST" skipped="0">
  <testcase classname="TestNGLearning.Parameterization" name="logindemo" time="1.862"/>
</testsuite> <!-- TestNGLearning.Parameterization -->
